<?xml version="1.0" encoding="UTF-8"?>
<!-- Generated by org.testng.reporters.JUnitReportReporter -->
<testsuite hostname="SasaPc" failures="0" tests="1" name="test.BookingTest" time="12.563" errors="0" timestamp="19 Aug 2021 15:08:28 GMT" skipped="0">
  <testcase classname="test.BookingTest" name="searchDestination" time="12.563"/>
</testsuite> <!-- test.BookingTest -->
